#
# A fatal error has been detected by the Java Runtime Environment:
#
#  SIGSEGV (0xb) at pc=0x000000010b7b64a3, pid=4923, tid=0x0000000000000307
#
# JRE version: Java(TM) SE Runtime Environment (8.0_101-b13) (build 1.8.0_101-b13)
# Java VM: Java HotSpot(TM) 64-Bit Server VM (25.101-b13 mixed mode bsd-amd64 compressed oops)
# Problematic frame:
# C  [JavaNativeFoundation+0x64a3]  -[JNFJObjectWrapper jObjectWithEnv:]+0x31
#
# Failed to write core dump. Core dumps have been disabled. To enable core dumping, try "ulimit -c unlimited" before starting Java again
#
# If you would like to submit a bug report, please visit:
#   http://bugreport.java.com/bugreport/crash.jsp
#

---------------  T H R E A D  ---------------

Current thread is native thread

siginfo: si_signo: 11 (SIGSEGV), si_code: 0 (unknown), si_addr: 0x0000000000000000

Registers:
RAX=0x00007fee7f4446f0, RBX=0x00007fee8280b1f8, RCX=0x687b5934dfccccc9, RDX=0x00007fee8280b1f8
RSP=0x00007fff5dac3780, RBP=0x00007fff5dac3790, RSI=0x000000010b7b7f93, RDI=0x00007fee8280b1f8
R8 =0x0000000000000000, R9 =0x0000000000000872, R10=0x000000010b7bcb58, R11=0x00007fee89904d70
R12=0x00007fee8280b1f8, R13=0x00007fee89896de0, R14=0x00007fee8eca2000, R15=0x00007fee8d90cb20
RIP=0x000000010b7b64a3, EFLAGS=0x0000000000010206, ERR=0x0000000000000000
  TRAPNO=0x000000000000000d

Top of Stack: (sp=0x00007fff5dac3780)
0x00007fff5dac3780:   51e8731029e8000c 00007fee8da0b1f0
0x00007fff5dac3790:   00007fff5dac37f0 00000001252348d5
0x00007fff5dac37a0:   51e8731029e8000c 0000000000000000
0x00007fff5dac37b0:   41069cde610a81b1 0000000000000000
0x00007fff5dac37c0:   00007fff5dac37f0 00007fee8d90cb20
0x00007fff5dac37d0:   00007fee85500000 00007fee89896de0
0x00007fff5dac37e0:   00007fee8d90cb20 00007fffbc389040
0x00007fff5dac37f0:   00007fff5dac3870 00007fffad130181
0x00007fff5dac3800:   00007fee80128e00 0000000000000000
0x00007fff5dac3810:   0000061e5dac3850 00007fee8eca2000
0x00007fff5dac3820:   0000000000000000 0000000000000000
0x00007fff5dac3830:   0000000400000000 41069cde610a81b1
0x00007fff5dac3840:   00007fff5dac3870 00007fee8d90cb20
0x00007fff5dac3850:   0000000000000004 0000000000000000
0x00007fff5dac3860:   00007fffbc389040 00007fffa5c20557
0x00007fff5dac3870:   00007fff5dac38e0 00007fffad12fcff
0x00007fff5dac3880:   4000000000000000 4090e40000000000
0x00007fff5dac3890:   4088780000000000 0000000000000000
0x00007fff5dac38a0:   0000000000000000 4090e40000000000
0x00007fff5dac38b0:   4088780000000000 00007fff5dac39b0
0x00007fff5dac38c0:   00007fee85502038 0000000000000000
0x00007fff5dac38d0:   00007fffa5c2920e 00007fee80128e00
0x00007fff5dac38e0:   00007fff5dac49b0 00007fffad14306e
0x00007fff5dac38f0:   00007fff5dac49b0 00007fffad142f44
0x00007fff5dac3900:   00007fee85502038 00007fee85502038
0x00007fff5dac3910:   00007fee85501f90 00007fee80128e00
0x00007fff5dac3920:   0000000000000001 00007fff5dac38f0
0x00007fff5dac3930:   00007fff5dac3980 00007fff5dac39b0
0x00007fff5dac3940:   00007fff5dac39b0 0000000000000000
0x00007fff5dac3950:   0000000000000001 00007fee80128e00
0x00007fff5dac3960:   00007fff5dac3980 0000020000000100
0x00007fff5dac3970:   00007fee00000000 00007fffc5ae2480 

Instructions: (pc=0x000000010b7b64a3)
0x000000010b7b6483:   00 00 30 c0 48 89 da e8 39 06 00 00 48 85 c0 75
0x000000010b7b6493:   09 31 c0 48 83 c4 08 5b 5d c3 48 89 df 48 8b 0f
0x000000010b7b64a3:   48 8b 89 c8 00 00 00 48 89 c6 48 83 c4 08 5b 5d
0x000000010b7b64b3:   ff e1 55 48 89 e5 41 56 53 48 89 cb 49 89 d6 48 

Register to memory mapping:

RAX=0x00007fee7f4446f0 is a global jni handle
RBX=0x00007fee8280b1f8 is an unknown value
RCX=0x687b5934dfccccc9 is an unknown value
RDX=0x00007fee8280b1f8 is an unknown value
RSP=0x00007fff5dac3780 is an unknown value
RBP=0x00007fff5dac3790 is an unknown value
RSI=0x000000010b7b7f93: __FUNCTION__.70901+0x143 in /System/Library/Frameworks/JavaVM.framework/Versions/A/Frameworks/JavaNativeFoundation.framework/Versions/A/JavaNativeFoundation at 0x000000010b7b0000
RDI=0x00007fee8280b1f8 is an unknown value
R8 =0x0000000000000000 is an unknown value
R9 =0x0000000000000872 is an unknown value
R10=0x000000010b7bcb58: OBJC_CLASS_$_JNFJObjectWrapper+0 in /System/Library/Frameworks/JavaVM.framework/Versions/A/Frameworks/JavaNativeFoundation.framework/Versions/A/JavaNativeFoundation at 0x000000010b7b0000
R11=0x00007fee89904d70 is an unknown value
R12=0x00007fee8280b1f8 is an unknown value
R13=0x00007fee89896de0 is an unknown value
R14=0x00007fee8eca2000 is an unknown value
R15=0x00007fee8d90cb20 is an unknown value


Stack: [0x00007fff5d2c8000,0x00007fff5dac8000],  sp=0x00007fff5dac3780,  free space=8173k
Native frames: (J=compiled Java code, j=interpreted, Vv=VM code, C=native code)
C  [JavaNativeFoundation+0x64a3]  -[JNFJObjectWrapper jObjectWithEnv:]+0x31
C  [libawt_lwawt.dylib+0x198d5]  -[CGLLayer drawInCGLContext:pixelFormat:forLayerTime:displayTime:]+0xee
C  [QuartzCore+0x113181]  CAOpenGLLayerDraw(CAOpenGLLayer*, double, CVTimeStamp const*, unsigned int)+0x369
C  [QuartzCore+0x112cff]  -[CAOpenGLLayer _display]+0x15f
C  [QuartzCore+0x12606e]  CA::Layer::display_if_needed(CA::Transaction*)+0x23c
C  [QuartzCore+0x126199]  CA::Layer::layout_and_display_if_needed(CA::Transaction*)+0x23
C  [QuartzCore+0x11b950]  CA::Context::commit_transaction(CA::Transaction*)+0x118
C  [QuartzCore+0x10881]  CA::Transaction::commit()+0x1db
C  [QuartzCore+0x1129c]  CA::Transaction::observer_callback(__CFRunLoopObserver*, unsigned long, void*)+0x6c
C  [CoreFoundation+0xa6d37]  __CFRUNLOOP_IS_CALLING_OUT_TO_AN_OBSERVER_CALLBACK_FUNCTION__+0x17
C  [CoreFoundation+0xa6ca7]  __CFRunLoopDoObservers+0x187
C  [CoreFoundation+0x87136]  CFRunLoopRunSpecific+0x1c6
C  [java+0x6465]  CreateExecutionEnvironment+0x367
C  [java+0x218c]  JLI_Launch+0x7a0
C  [java+0x84c2]  main+0x65
C  [java+0x19e4]  start+0x34


---------------  P R O C E S S  ---------------

VM state:not at safepoint (normal execution)

VM Mutex/Monitor currently owned by a thread: None

Heap:
 PSYoungGen      total 39424K, used 27937K [0x0000000795580000, 0x0000000799680000, 0x00000007c0000000)
  eden space 28672K, 60% used [0x0000000795580000,0x000000079666c9b8,0x0000000797180000)
  from space 10752K, 98% used [0x0000000797200000,0x0000000797c5bb40,0x0000000797c80000)
  to   space 18944K, 0% used [0x0000000798400000,0x0000000798400000,0x0000000799680000)
 ParOldGen       total 86016K, used 61987K [0x0000000740000000, 0x0000000745400000, 0x0000000795580000)
  object space 86016K, 72% used [0x0000000740000000,0x0000000743c88d68,0x0000000745400000)
 Metaspace       used 57686K, capacity 59906K, committed 60160K, reserved 1101824K
  class space    used 7227K, capacity 7599K, committed 7680K, reserved 1048576K

Card table byte_map: [0x000000010459b000,0x000000010499c000] byte_map_base: 0x0000000100b9b000

Marking Bits: (ParMarkBitMap*) 0x0000000103aedd20
 Begin Bits: [0x0000000104c47000, 0x0000000106c47000)
 End Bits:   [0x0000000106c47000, 0x0000000108c47000)

Polling page: 0x00000001021f5000

CodeCache: size=245760Kb used=33718Kb max_used=33744Kb free=212041Kb
 bounds [0x000000010efa8000, 0x00000001110d8000, 0x000000011dfa8000]
 total_blobs=11442 nmethods=10204 adapters=1147
 compilation: enabled

Compilation events (10 events):
Event: 10817.558 Thread 0x00007fee8180b800 12518 %s!   4       sun.java2d.opengl.OGLRenderQueue$QueueFlusher::run @ 2 (234 bytes)
Event: 10817.576 Thread 0x00007fee8180b800 nmethod 12518% 0x000000010ffb1b90 code [0x000000010ffb1d40, 0x000000010ffb2258]
Event: 17796.934 Thread 0x00007fee8180b800 12519       4       java.lang.ClassLoader::getResource (36 bytes)
Event: 17797.095 Thread 0x00007fee8180b800 nmethod 12519 0x000000010ff337d0 code [0x000000010ff339e0, 0x000000010ff33f00]
Event: 18277.371 Thread 0x00007fee8180b800 12520       4       java.net.URLClassLoader::findResource (37 bytes)
Event: 18277.376 Thread 0x00007fee8180b800 nmethod 12520 0x0000000110493b90 code [0x0000000110493d00, 0x0000000110493e98]
Event: 18923.024 Thread 0x00007fee8180b800 12521       4       java.net.URLClassLoader$2::run (5 bytes)
Event: 18923.043 Thread 0x00007fee8180b800 nmethod 12521 0x000000010f80b690 code [0x000000010f80b820, 0x000000010f80bb88]
Event: 26660.866 Thread 0x00007fee8180b800 12522   !   4       com.mysql.jdbc.AbandonedConnectionCleanupThread::checkContextClassLoaders (20 bytes)
Event: 26660.993 Thread 0x00007fee8180b800 nmethod 12522 0x0000000110349d90 code [0x0000000110349fe0, 0x000000011034a668]

GC Heap History (10 events):
Event: 1047.525 GC heap before
{Heap before GC invocations=33 (full 4):
 PSYoungGen      total 43520K, used 25485K [0x0000000795580000, 0x0000000799580000, 0x00000007c0000000)
  eden space 22528K, 100% used [0x0000000795580000,0x0000000796b80000,0x0000000796b80000)
  from space 20992K, 14% used [0x0000000798100000,0x00000007983e3448,0x0000000799580000)
  to   space 21504K, 0% used [0x0000000796b80000,0x0000000796b80000,0x0000000798080000)
 ParOldGen       total 86016K, used 49523K [0x0000000740000000, 0x0000000745400000, 0x0000000795580000)
  object space 86016K, 57% used [0x0000000740000000,0x000000074305cde8,0x0000000745400000)
 Metaspace       used 52447K, capacity 54512K, committed 54656K, reserved 1097728K
  class space    used 6624K, capacity 6969K, committed 7040K, reserved 1048576K
Event: 1047.527 GC heap after
Heap after GC invocations=33 (full 4):
 PSYoungGen      total 44032K, used 874K [0x0000000795580000, 0x0000000799c80000, 0x00000007c0000000)
  eden space 22528K, 0% used [0x0000000795580000,0x0000000795580000,0x0000000796b80000)
  from space 21504K, 4% used [0x0000000796b80000,0x0000000796c5ab48,0x0000000798080000)
  to   space 21504K, 0% used [0x0000000798780000,0x0000000798780000,0x0000000799c80000)
 ParOldGen       total 86016K, used 50479K [0x0000000740000000, 0x0000000745400000, 0x0000000795580000)
  object space 86016K, 58% used [0x0000000740000000,0x000000074314bf68,0x0000000745400000)
 Metaspace       used 52447K, capacity 54512K, committed 54656K, reserved 1097728K
  class space    used 6624K, capacity 6969K, committed 7040K, reserved 1048576K
}
Event: 1047.875 GC heap before
{Heap before GC invocations=34 (full 4):
 PSYoungGen      total 44032K, used 23402K [0x0000000795580000, 0x0000000799c80000, 0x00000007c0000000)
  eden space 22528K, 100% used [0x0000000795580000,0x0000000796b80000,0x0000000796b80000)
  from space 21504K, 4% used [0x0000000796b80000,0x0000000796c5ab48,0x0000000798080000)
  to   space 21504K, 0% used [0x0000000798780000,0x0000000798780000,0x0000000799c80000)
 ParOldGen       total 86016K, used 50479K [0x0000000740000000, 0x0000000745400000, 0x0000000795580000)
  object space 86016K, 58% used [0x0000000740000000,0x000000074314bf68,0x0000000745400000)
 Metaspace       used 55457K, capacity 57602K, committed 57728K, reserved 1099776K
  class space    used 6914K, capacity 7272K, committed 7296K, reserved 1048576K
Event: 1047.882 GC heap after
Heap after GC invocations=34 (full 4):
 PSYoungGen      total 50176K, used 4243K [0x0000000795580000, 0x0000000799b80000, 0x00000007c0000000)
  eden space 29696K, 0% used [0x0000000795580000,0x0000000795580000,0x0000000797280000)
  from space 20480K, 20% used [0x0000000798780000,0x0000000798ba4f00,0x0000000799b80000)
  to   space 20992K, 0% used [0x0000000797280000,0x0000000797280000,0x0000000798700000)
 ParOldGen       total 86016K, used 50887K [0x0000000740000000, 0x0000000745400000, 0x0000000795580000)
  object space 86016K, 59% used [0x0000000740000000,0x00000007431b1f78,0x0000000745400000)
 Metaspace       used 55457K, capacity 57602K, committed 57728K, reserved 1099776K
  class space    used 6914K, capacity 7272K, committed 7296K, reserved 1048576K
}
Event: 1054.615 GC heap before
{Heap before GC invocations=35 (full 4):
 PSYoungGen      total 50176K, used 33939K [0x0000000795580000, 0x0000000799b80000, 0x00000007c0000000)
  eden space 29696K, 100% used [0x0000000795580000,0x0000000797280000,0x0000000797280000)
  from space 20480K, 20% used [0x0000000798780000,0x0000000798ba4f00,0x0000000799b80000)
  to   space 20992K, 0% used [0x0000000797280000,0x0000000797280000,0x0000000798700000)
 ParOldGen       total 86016K, used 50887K [0x0000000740000000, 0x0000000745400000, 0x0000000795580000)
  object space 86016K, 59% used [0x0000000740000000,0x00000007431b1f78,0x0000000745400000)
 Metaspace       used 56114K, capacity 58258K, committed 58368K, reserved 1099776K
  class space    used 6978K, capacity 7314K, committed 7424K, reserved 1048576K
Event: 1054.620 GC heap after
Heap after GC invocations=35 (full 4):
 PSYoungGen      total 50688K, used 4272K [0x0000000795580000, 0x000000079a280000, 0x00000007c0000000)
  eden space 29696K, 0% used [0x0000000795580000,0x0000000795580000,0x0000000797280000)
  from space 20992K, 20% used [0x0000000797280000,0x00000007976ac080,0x0000000798700000)
  to   space 19968K, 0% used [0x0000000798f00000,0x0000000798f00000,0x000000079a280000)
 ParOldGen       total 86016K, used 53485K [0x0000000740000000, 0x0000000745400000, 0x0000000795580000)
  object space 86016K, 62% used [0x0000000740000000,0x000000074343b5d8,0x0000000745400000)
 Metaspace       used 56114K, capacity 58258K, committed 58368K, reserved 1099776K
  class space    used 6978K, capacity 7314K, committed 7424K, reserved 1048576K
}
Event: 1062.038 GC heap before
{Heap before GC invocations=36 (full 4):
 PSYoungGen      total 50688K, used 33968K [0x0000000795580000, 0x000000079a280000, 0x00000007c0000000)
  eden space 29696K, 100% used [0x0000000795580000,0x0000000797280000,0x0000000797280000)
  from space 20992K, 20% used [0x0000000797280000,0x00000007976ac080,0x0000000798700000)
  to   space 19968K, 0% used [0x0000000798f00000,0x0000000798f00000,0x000000079a280000)
 ParOldGen       total 86016K, used 53485K [0x0000000740000000, 0x0000000745400000, 0x0000000795580000)
  object space 86016K, 62% used [0x0000000740000000,0x000000074343b5d8,0x0000000745400000)
 Metaspace       used 56274K, capacity 58430K, committed 58624K, reserved 1099776K
  class space    used 6981K, capacity 7319K, committed 7424K, reserved 1048576K
Event: 1062.060 GC heap after
Heap after GC invocations=36 (full 4):
 PSYoungGen      total 37376K, used 6059K [0x0000000795580000, 0x0000000799700000, 0x00000007c0000000)
  eden space 29184K, 0% used [0x0000000795580000,0x0000000795580000,0x0000000797200000)
  from space 8192K, 73% used [0x0000000798f00000,0x00000007994eac28,0x0000000799700000)
  to   space 18944K, 0% used [0x0000000797200000,0x0000000797200000,0x0000000798480000)
 ParOldGen       total 86016K, used 60502K [0x0000000740000000, 0x0000000745400000, 0x0000000795580000)
  object space 86016K, 70% used [0x0000000740000000,0x0000000743b15850,0x0000000745400000)
 Metaspace       used 56274K, capacity 58430K, committed 58624K, reserved 1099776K
  class space    used 6981K, capacity 7319K, committed 7424K, reserved 1048576K
}
Event: 1077.047 GC heap before
{Heap before GC invocations=37 (full 4):
 PSYoungGen      total 37376K, used 35243K [0x0000000795580000, 0x0000000799700000, 0x00000007c0000000)
  eden space 29184K, 100% used [0x0000000795580000,0x0000000797200000,0x0000000797200000)
  from space 8192K, 73% used [0x0000000798f00000,0x00000007994eac28,0x0000000799700000)
  to   space 18944K, 0% used [0x0000000797200000,0x0000000797200000,0x0000000798480000)
 ParOldGen       total 86016K, used 60502K [0x0000000740000000, 0x0000000745400000, 0x0000000795580000)
  object space 86016K, 70% used [0x0000000740000000,0x0000000743b15850,0x0000000745400000)
 Metaspace       used 57544K, capacity 59720K, committed 59904K, reserved 1101824K
  class space    used 7206K, capacity 7560K, committed 7680K, reserved 1048576K
Event: 1077.062 GC heap after
Heap after GC invocations=37 (full 4):
 PSYoungGen      total 39424K, used 10606K [0x0000000795580000, 0x0000000799680000, 0x00000007c0000000)
  eden space 28672K, 0% used [0x0000000795580000,0x0000000795580000,0x0000000797180000)
  from space 10752K, 98% used [0x0000000797200000,0x0000000797c5bb40,0x0000000797c80000)
  to   space 18944K, 0% used [0x0000000798400000,0x0000000798400000,0x0000000799680000)
 ParOldGen       total 86016K, used 61987K [0x0000000740000000, 0x0000000745400000, 0x0000000795580000)
  object space 86016K, 72% used [0x0000000740000000,0x0000000743c88d68,0x0000000745400000)
 Metaspace       used 57544K, capacity 59720K, committed 59904K, reserved 1101824K
  class space    used 7206K, capacity 7560K, committed 7680K, reserved 1048576K
}

Deoptimization events (10 events):
Event: 1071.754 Thread 0x00007fee7f8af800 Uncommon trap: reason=unstable_if action=reinterpret pc=0x0000000110fd75a0 method=java.awt.Container$MouseEventTargetFilter.accept(Ljava/awt/Component;)Z @ 10
Event: 1073.081 Thread 0x00007fee7f8af800 Uncommon trap: reason=unstable_if action=reinterpret pc=0x00000001105eb8d0 method=sun.font.CCharToGlyphMapper$Cache.get(I)I @ 4
Event: 1073.082 Thread 0x00007fee7f8af800 Uncommon trap: reason=unstable_if action=reinterpret pc=0x000000010f62f96c method=sun.font.CStrike$GlyphInfoCache.get(I)J @ 35
Event: 1073.083 Thread 0x00007fee7f8af800 Uncommon trap: reason=unstable_if action=reinterpret pc=0x0000000110ccda80 method=sun.java2d.SunGraphics2D.clone()Ljava/lang/Object; @ 48
Event: 1074.748 Thread 0x00007fee7f8af800 Uncommon trap: reason=unstable_if action=reinterpret pc=0x0000000110fe6920 method=sun.java2d.pipe.Region.getIntersectionXYXY(IIII)Lsun/java2d/pipe/Region; @ 55
Event: 1074.804 Thread 0x00007fee7f8af800 Uncommon trap: reason=unstable_if action=reinterpret pc=0x0000000110233384 method=sun.java2d.pipe.Region.getIntersectionXYXY(IIII)Lsun/java2d/pipe/Region; @ 55
Event: 1077.427 Thread 0x00007fee7f8af800 Uncommon trap: reason=unstable_if action=reinterpret pc=0x0000000110fe7474 method=sun.awt.image.PixelConverter$ArgbPre.rgbToPixel(ILjava/awt/image/ColorModel;)I @ 5
Event: 1079.503 Thread 0x00007fee7f8af800 Uncommon trap: reason=unstable_if action=reinterpret pc=0x0000000110cb2304 method=java.awt.Component.getInputContext()Ljava/awt/im/InputContext; @ 6
Event: 1123.133 Thread 0x00007fee8280b000 Uncommon trap: reason=unstable_if action=reinterpret pc=0x000000010fd1c284 method=java.util.Collections.unmodifiableList(Ljava/util/List;)Ljava/util/List; @ 4
Event: 1123.135 Thread 0x00007fee6ff48800 Uncommon trap: reason=unstable_if action=reinterpret pc=0x000000011043cb38 method=java.security.AccessControlContext.optimize()Ljava/security/AccessControlContext; @ 49

Internal exceptions (10 events):
Event: 1047.899 Thread 0x00007fee8280b000 Exception <a 'java/lang/ClassNotFoundException': java/util/DateBeanInfo> (0x00000007956b53a0) thrown at [/HUDSON3/workspace/8-2-build-macosx-x86_64/jdk8u101/7261/hotspot/src/share/vm/classfile/systemDictionary.cpp, line 210]
Event: 1047.899 Thread 0x00007fee8280b000 Exception <a 'java/lang/ClassNotFoundException': java/util/DateCustomizer> (0x00000007956bbbc8) thrown at [/HUDSON3/workspace/8-2-build-macosx-x86_64/jdk8u101/7261/hotspot/src/share/vm/classfile/systemDictionary.cpp, line 210]
Event: 1054.620 Thread 0x00007fee81802800 Exception <a 'java/lang/NullPointerException'> (0x00000007955e6c40) thrown at [/HUDSON3/workspace/8-2-build-macosx-x86_64/jdk8u101/7261/hotspot/src/share/vm/interpreter/linkResolver.cpp, line 1178]
Event: 1058.797 Thread 0x00007fee8280b000 Implicit null exception at 0x0000000110ed1e72 to 0x0000000110ed35c9
Event: 1062.060 Thread 0x00007fee81802800 Exception <a 'java/lang/NullPointerException'> (0x0000000795600298) thrown at [/HUDSON3/workspace/8-2-build-macosx-x86_64/jdk8u101/7261/hotspot/src/share/vm/interpreter/linkResolver.cpp, line 1178]
Event: 1070.987 Thread 0x00007fee7f8af800 Implicit null exception at 0x0000000110ccdee0 to 0x0000000110ccdfba
Event: 1071.029 Thread 0x00007fee7f8af800 Exception <a 'java/lang/NullPointerException'> (0x0000000796b3f448) thrown at [/HUDSON3/workspace/8-2-build-macosx-x86_64/jdk8u101/7261/hotspot/src/share/vm/prims/jni.cpp, line 735]
Event: 1077.062 Thread 0x00007fee81802800 Exception <a 'java/lang/NullPointerException'> (0x0000000795619f08) thrown at [/HUDSON3/workspace/8-2-build-macosx-x86_64/jdk8u101/7261/hotspot/src/share/vm/interpreter/linkResolver.cpp, line 1178]
Event: 1077.062 Thread 0x00007fee81802800 Exception <a 'java/lang/NullPointerException'> (0x000000079561a110) thrown at [/HUDSON3/workspace/8-2-build-macosx-x86_64/jdk8u101/7261/hotspot/src/share/vm/interpreter/linkResolver.cpp, line 1178]
Event: 1123.135 Thread 0x00007fee6ff48800 Implicit null exception at 0x000000011043c34c to 0x000000011043cb25

Events (10 events):
Event: 1123.134 Thread 0x00007fee818a0800 Thread exited: 0x00007fee818a0800
Event: 1123.134 Thread 0x00007fee7f911800 Thread exited: 0x00007fee7f911800
Event: 1123.135 Thread 0x00007fee8280b000 Thread exited: 0x00007fee8280b000
Event: 1123.135 Thread 0x00007fee7f805800 Thread exited: 0x00007fee7f805800
Event: 1123.135 Thread 0x00007fee6ff48800 Thread added: 0x00007fee6ff48800
Event: 1123.135 Thread 0x00007fee6ff48800 Uncommon trap: trap_request=0xffffff65 fr.pc=0x000000011043cb38
Event: 1123.135 Thread 0x00007fee6ff48800 DEOPT PACKING pc=0x000000011043cb38 sp=0x000070000dd75700
Event: 1123.135 Thread 0x00007fee6ff48800 DEOPT UNPACKING pc=0x000000010efad229 sp=0x000070000dd756b8 mode 2
Event: 11662.385 Thread 0x00007fee8c006800 DEOPT PACKING pc=0x000000010ffb4d60 sp=0x000070000f955890
Event: 11662.385 Thread 0x00007fee8c006800 DEOPT UNPACKING pc=0x000000010efef633 sp=0x000070000f955648 mode 0


Dynamic libraries:
0x0000000032105000 	/System/Library/Frameworks/Cocoa.framework/Versions/A/Cocoa
0x0000000032105000 	/System/Library/Frameworks/Security.framework/Versions/A/Security
0x0000000032105000 	/System/Library/Frameworks/ApplicationServices.framework/Versions/A/ApplicationServices
0x0000000032105000 	/usr/lib/libz.1.dylib
0x0000000032105000 	/usr/lib/libSystem.B.dylib
0x0000000032105000 	/usr/lib/libobjc.A.dylib
0x0000000032105000 	/System/Library/Frameworks/CoreFoundation.framework/Versions/A/CoreFoundation
0x0000000032105000 	/System/Library/Frameworks/Foundation.framework/Versions/C/Foundation
0x0000000032105000 	/System/Library/Frameworks/AppKit.framework/Versions/C/AppKit
0x0000000032105000 	/System/Library/Frameworks/CoreData.framework/Versions/A/CoreData
0x0000000032105000 	/System/Library/PrivateFrameworks/RemoteViewServices.framework/Versions/A/RemoteViewServices
0x0000000032105000 	/System/Library/PrivateFrameworks/UIFoundation.framework/Versions/A/UIFoundation
0x0000000032105000 	/System/Library/PrivateFrameworks/DFRFoundation.framework/Versions/A/DFRFoundation
0x0000000032105000 	/usr/lib/libenergytrace.dylib
0x0000000032105000 	/System/Library/PrivateFrameworks/SkyLight.framework/Versions/A/SkyLight
0x0000000032105000 	/System/Library/Frameworks/CoreGraphics.framework/Versions/A/CoreGraphics
0x0000000032105000 	/usr/lib/libScreenReader.dylib
0x0000000032105000 	/System/Library/Frameworks/Accelerate.framework/Versions/A/Accelerate
0x0000000032105000 	/System/Library/Frameworks/IOSurface.framework/Versions/A/IOSurface
0x0000000032105000 	/System/Library/Frameworks/AudioToolbox.framework/Versions/A/AudioToolbox
0x0000000032105000 	/System/Library/Frameworks/AudioUnit.framework/Versions/A/AudioUnit
0x0000000032105000 	/System/Library/PrivateFrameworks/DataDetectorsCore.framework/Versions/A/DataDetectorsCore
0x0000000032105000 	/System/Library/PrivateFrameworks/DesktopServicesPriv.framework/Versions/A/DesktopServicesPriv
0x0000000032105000 	/System/Library/Frameworks/Carbon.framework/Versions/A/Frameworks/HIToolbox.framework/Versions/A/HIToolbox
0x0000000032105000 	/usr/lib/libicucore.A.dylib
0x0000000032105000 	/System/Library/Frameworks/QuartzCore.framework/Versions/A/QuartzCore
0x0000000032105000 	/System/Library/Frameworks/Carbon.framework/Versions/A/Frameworks/SpeechRecognition.framework/Versions/A/SpeechRecognition
0x0000000032105000 	/usr/lib/libauto.dylib
0x0000000032105000 	/usr/lib/libxml2.2.dylib
0x0000000032105000 	/System/Library/PrivateFrameworks/CoreUI.framework/Versions/A/CoreUI
0x0000000032105000 	/System/Library/Frameworks/CoreAudio.framework/Versions/A/CoreAudio
0x0000000032105000 	/System/Library/Frameworks/DiskArbitration.framework/Versions/A/DiskArbitration
0x0000000032105000 	/usr/lib/liblangid.dylib
0x0000000032105000 	/System/Library/PrivateFrameworks/MultitouchSupport.framework/Versions/A/MultitouchSupport
0x0000000032105000 	/System/Library/Frameworks/IOKit.framework/Versions/A/IOKit
0x0000000032105000 	/usr/lib/libDiagnosticMessagesClient.dylib
0x0000000032105000 	/System/Library/Frameworks/CoreServices.framework/Versions/A/CoreServices
0x0000000032105000 	/System/Library/PrivateFrameworks/PerformanceAnalysis.framework/Versions/A/PerformanceAnalysis
0x0000000032105000 	/System/Library/PrivateFrameworks/GenerationalStorage.framework/Versions/A/GenerationalStorage
0x0000000032105000 	/System/Library/Frameworks/OpenGL.framework/Versions/A/OpenGL
0x0000000032105000 	/System/Library/Frameworks/CoreImage.framework/Versions/A/CoreImage
0x0000000032105000 	/System/Library/Frameworks/CoreText.framework/Versions/A/CoreText
0x0000000032105000 	/System/Library/Frameworks/ImageIO.framework/Versions/A/ImageIO
0x0000000032105000 	/System/Library/PrivateFrameworks/Backup.framework/Versions/A/Backup
0x0000000032105000 	/usr/lib/libarchive.2.dylib
0x0000000032105000 	/System/Library/Frameworks/CFNetwork.framework/Versions/A/CFNetwork
0x0000000032105000 	/System/Library/Frameworks/SystemConfiguration.framework/Versions/A/SystemConfiguration
0x0000000032105000 	/usr/lib/libCRFSuite.dylib
0x0000000032105000 	/usr/lib/libc++.1.dylib
0x0000000032105000 	/usr/lib/libc++abi.dylib
0x0000000032105000 	/usr/lib/system/libcache.dylib
0x0000000032105000 	/usr/lib/system/libcommonCrypto.dylib
0x0000000032105000 	/usr/lib/system/libcompiler_rt.dylib
0x0000000032105000 	/usr/lib/system/libcopyfile.dylib
0x0000000032105000 	/usr/lib/system/libcorecrypto.dylib
0x0000000032105000 	/usr/lib/system/libdispatch.dylib
0x0000000032105000 	/usr/lib/system/libdyld.dylib
0x0000000032105000 	/usr/lib/system/libkeymgr.dylib
0x0000000032105000 	/usr/lib/system/liblaunch.dylib
0x0000000032105000 	/usr/lib/system/libmacho.dylib
0x0000000032105000 	/usr/lib/system/libquarantine.dylib
0x0000000032105000 	/usr/lib/system/libremovefile.dylib
0x0000000032105000 	/usr/lib/system/libsystem_asl.dylib
0x0000000032105000 	/usr/lib/system/libsystem_blocks.dylib
0x0000000032105000 	/usr/lib/system/libsystem_c.dylib
0x0000000032105000 	/usr/lib/system/libsystem_configuration.dylib
0x0000000032105000 	/usr/lib/system/libsystem_coreservices.dylib
0x0000000032105000 	/usr/lib/system/libsystem_coretls.dylib
0x0000000032105000 	/usr/lib/system/libsystem_dnssd.dylib
0x0000000032105000 	/usr/lib/system/libsystem_info.dylib
0x0000000032105000 	/usr/lib/system/libsystem_kernel.dylib
0x0000000032105000 	/usr/lib/system/libsystem_m.dylib
0x0000000032105000 	/usr/lib/system/libsystem_malloc.dylib
0x0000000032105000 	/usr/lib/system/libsystem_network.dylib
0x0000000032105000 	/usr/lib/system/libsystem_networkextension.dylib
0x0000000032105000 	/usr/lib/system/libsystem_notify.dylib
0x0000000032105000 	/usr/lib/system/libsystem_platform.dylib
0x0000000032105000 	/usr/lib/system/libsystem_pthread.dylib
0x0000000032105000 	/usr/lib/system/libsystem_sandbox.dylib
0x0000000032105000 	/usr/lib/system/libsystem_secinit.dylib
0x0000000032105000 	/usr/lib/system/libsystem_symptoms.dylib
0x0000000032105000 	/usr/lib/system/libsystem_trace.dylib
0x0000000032105000 	/usr/lib/system/libunwind.dylib
0x0000000032105000 	/usr/lib/system/libxpc.dylib
0x0000000032105000 	/usr/lib/libbsm.0.dylib
0x0000000032105000 	/usr/lib/system/libkxld.dylib
0x0000000032105000 	/usr/lib/libcoretls.dylib
0x0000000032105000 	/usr/lib/libcoretls_cfhelpers.dylib
0x0000000032105000 	/usr/lib/libOpenScriptingUtil.dylib
0x0000000032105000 	/usr/lib/libpam.2.dylib
0x0000000032105000 	/usr/lib/libsqlite3.dylib
0x0000000032105000 	/usr/lib/libxar.1.dylib
0x0000000032105000 	/usr/lib/libbz2.1.0.dylib
0x0000000032105000 	/usr/lib/liblzma.5.dylib
0x0000000032105000 	/usr/lib/libnetwork.dylib
0x0000000032105000 	/usr/lib/libpcap.A.dylib
0x0000000032105000 	/System/Library/Frameworks/CoreServices.framework/Versions/A/Frameworks/FSEvents.framework/Versions/A/FSEvents
0x0000000032105000 	/System/Library/Frameworks/CoreServices.framework/Versions/A/Frameworks/CarbonCore.framework/Versions/A/CarbonCore
0x0000000032105000 	/System/Library/Frameworks/CoreServices.framework/Versions/A/Frameworks/Metadata.framework/Versions/A/Metadata
0x0000000032105000 	/System/Library/Frameworks/CoreServices.framework/Versions/A/Frameworks/OSServices.framework/Versions/A/OSServices
0x0000000032105000 	/System/Library/Frameworks/CoreServices.framework/Versions/A/Frameworks/SearchKit.framework/Versions/A/SearchKit
0x0000000032105000 	/System/Library/Frameworks/CoreServices.framework/Versions/A/Frameworks/AE.framework/Versions/A/AE
0x0000000032105000 	/System/Library/Frameworks/CoreServices.framework/Versions/A/Frameworks/LaunchServices.framework/Versions/A/LaunchServices
0x0000000032105000 	/System/Library/Frameworks/CoreServices.framework/Versions/A/Frameworks/DictionaryServices.framework/Versions/A/DictionaryServices
0x0000000032105000 	/System/Library/Frameworks/CoreServices.framework/Versions/A/Frameworks/SharedFileList.framework/Versions/A/SharedFileList
0x0000000032105000 	/System/Library/Frameworks/NetFS.framework/Versions/A/NetFS
0x0000000032105000 	/System/Library/PrivateFrameworks/NetAuth.framework/Versions/A/NetAuth
0x0000000032105000 	/System/Library/PrivateFrameworks/login.framework/Versions/A/Frameworks/loginsupport.framework/Versions/A/loginsupport
0x0000000032105000 	/System/Library/PrivateFrameworks/TCC.framework/Versions/A/TCC
0x0000000032105000 	/usr/lib/libmecabra.dylib
0x0000000032105000 	/System/Library/Frameworks/ApplicationServices.framework/Versions/A/Frameworks/ATS.framework/Versions/A/ATS
0x0000000032105000 	/System/Library/Frameworks/ApplicationServices.framework/Versions/A/Frameworks/ColorSync.framework/Versions/A/ColorSync
0x0000000032105000 	/System/Library/Frameworks/ApplicationServices.framework/Versions/A/Frameworks/HIServices.framework/Versions/A/HIServices
0x0000000032105000 	/System/Library/Frameworks/ApplicationServices.framework/Versions/A/Frameworks/LangAnalysis.framework/Versions/A/LangAnalysis
0x0000000032105000 	/System/Library/Frameworks/ApplicationServices.framework/Versions/A/Frameworks/PrintCore.framework/Versions/A/PrintCore
0x0000000032105000 	/System/Library/Frameworks/ApplicationServices.framework/Versions/A/Frameworks/QD.framework/Versions/A/QD
0x0000000032105000 	/System/Library/Frameworks/ApplicationServices.framework/Versions/A/Frameworks/SpeechSynthesis.framework/Versions/A/SpeechSynthesis
0x0000000032105000 	/System/Library/Frameworks/Accelerate.framework/Versions/A/Frameworks/vImage.framework/Versions/A/vImage
0x0000000032105000 	/System/Library/Frameworks/Accelerate.framework/Versions/A/Frameworks/vecLib.framework/Versions/A/vecLib
0x0000000032105000 	/System/Library/Frameworks/Accelerate.framework/Versions/A/Frameworks/vecLib.framework/Versions/A/libvDSP.dylib
0x0000000032105000 	/System/Library/Frameworks/Accelerate.framework/Versions/A/Frameworks/vecLib.framework/Versions/A/libBNNS.dylib
0x0000000032105000 	/System/Library/Frameworks/Accelerate.framework/Versions/A/Frameworks/vecLib.framework/Versions/A/libQuadrature.dylib
0x0000000032105000 	/System/Library/Frameworks/Accelerate.framework/Versions/A/Frameworks/vecLib.framework/Versions/A/libvMisc.dylib
0x0000000032105000 	/System/Library/Frameworks/Accelerate.framework/Versions/A/Frameworks/vecLib.framework/Versions/A/libLAPACK.dylib
0x0000000032105000 	/System/Library/Frameworks/Accelerate.framework/Versions/A/Frameworks/vecLib.framework/Versions/A/libBLAS.dylib
0x0000000032105000 	/System/Library/Frameworks/Accelerate.framework/Versions/A/Frameworks/vecLib.framework/Versions/A/libLinearAlgebra.dylib
0x0000000032105000 	/System/Library/Frameworks/Accelerate.framework/Versions/A/Frameworks/vecLib.framework/Versions/A/libSparseBLAS.dylib
0x0000000032105000 	/System/Library/Frameworks/ApplicationServices.framework/Versions/A/Frameworks/ATS.framework/Versions/A/Resources/libFontParser.dylib
0x0000000032105000 	/System/Library/Frameworks/ApplicationServices.framework/Versions/A/Frameworks/ATS.framework/Versions/A/Resources/libFontRegistry.dylib
0x0000000032105000 	/System/Library/Frameworks/ImageIO.framework/Versions/A/Resources/libJPEG.dylib
0x0000000032105000 	/System/Library/Frameworks/ImageIO.framework/Versions/A/Resources/libTIFF.dylib
0x0000000032105000 	/System/Library/Frameworks/ImageIO.framework/Versions/A/Resources/libPng.dylib
0x0000000032105000 	/System/Library/Frameworks/ImageIO.framework/Versions/A/Resources/libGIF.dylib
0x0000000032105000 	/System/Library/Frameworks/ImageIO.framework/Versions/A/Resources/libJP2.dylib
0x0000000032105000 	/System/Library/Frameworks/ImageIO.framework/Versions/A/Resources/libRadiance.dylib
0x0000000032105000 	/usr/lib/libcompression.dylib
0x0000000032105000 	/System/Library/PrivateFrameworks/AppleJPEG.framework/Versions/A/AppleJPEG
0x0000000032105000 	/usr/lib/libcups.2.dylib
0x0000000032105000 	/System/Library/Frameworks/Kerberos.framework/Versions/A/Kerberos
0x0000000032105000 	/System/Library/Frameworks/GSS.framework/Versions/A/GSS
0x0000000032105000 	/usr/lib/libresolv.9.dylib
0x0000000032105000 	/usr/lib/libiconv.2.dylib
0x0000000032105000 	/System/Library/PrivateFrameworks/Heimdal.framework/Versions/A/Heimdal
0x0000000032105000 	/usr/lib/libheimdal-asn1.dylib
0x0000000032105000 	/System/Library/Frameworks/OpenDirectory.framework/Versions/A/OpenDirectory
0x0000000032105000 	/System/Library/PrivateFrameworks/CommonAuth.framework/Versions/A/CommonAuth
0x0000000032105000 	/System/Library/Frameworks/OpenDirectory.framework/Versions/A/Frameworks/CFOpenDirectory.framework/Versions/A/CFOpenDirectory
0x0000000032105000 	/System/Library/Frameworks/SecurityFoundation.framework/Versions/A/SecurityFoundation
0x0000000032105000 	/System/Library/PrivateFrameworks/LanguageModeling.framework/Versions/A/LanguageModeling
0x0000000032105000 	/usr/lib/libmarisa.dylib
0x0000000032105000 	/usr/lib/libChineseTokenizer.dylib
0x0000000032105000 	/usr/lib/libcmph.dylib
0x0000000032105000 	/System/Library/PrivateFrameworks/CoreEmoji.framework/Versions/A/CoreEmoji
0x0000000032105000 	/System/Library/Frameworks/ServiceManagement.framework/Versions/A/ServiceManagement
0x0000000032105000 	/usr/lib/libxslt.1.dylib
0x0000000032105000 	/System/Library/Frameworks/Carbon.framework/Versions/A/Frameworks/Ink.framework/Versions/A/Ink
0x0000000032105000 	/System/Library/PrivateFrameworks/TextureIO.framework/Versions/A/TextureIO
0x0000000032105000 	/System/Library/Frameworks/Metal.framework/Versions/A/Metal
0x0000000032105000 	/usr/lib/libate.dylib
0x0000000032105000 	/System/Library/PrivateFrameworks/GPUCompiler.framework/libmetal_timestamp.dylib
0x0000000032105000 	/System/Library/Frameworks/OpenGL.framework/Versions/A/Libraries/libCoreFSCache.dylib
0x0000000032105000 	/System/Library/PrivateFrameworks/IOAccelerator.framework/Versions/A/IOAccelerator
0x0000000032105000 	/System/Library/Frameworks/CoreVideo.framework/Versions/A/CoreVideo
0x0000000032105000 	/usr/lib/libFosl_dynamic.dylib
0x0000000032105000 	/System/Library/PrivateFrameworks/MetalPerformanceShaders.framework/Versions/A/MetalPerformanceShaders
0x0000000032105000 	/System/Library/PrivateFrameworks/FaceCore.framework/Versions/A/FaceCore
0x0000000032105000 	/System/Library/Frameworks/OpenCL.framework/Versions/A/OpenCL
0x0000000032105000 	/System/Library/Frameworks/OpenGL.framework/Versions/A/Libraries/libGLU.dylib
0x0000000032105000 	/System/Library/Frameworks/OpenGL.framework/Versions/A/Libraries/libGFXShared.dylib
0x0000000032105000 	/System/Library/Frameworks/OpenGL.framework/Versions/A/Libraries/libGL.dylib
0x0000000032105000 	/System/Library/Frameworks/OpenGL.framework/Versions/A/Libraries/libGLImage.dylib
0x0000000032105000 	/System/Library/Frameworks/OpenGL.framework/Versions/A/Libraries/libCVMSPluginSupport.dylib
0x0000000032105000 	/System/Library/Frameworks/OpenGL.framework/Versions/A/Libraries/libCoreVMClient.dylib
0x0000000032105000 	/System/Library/PrivateFrameworks/CrashReporterSupport.framework/Versions/A/CrashReporterSupport
0x0000000032105000 	/System/Library/PrivateFrameworks/Sharing.framework/Versions/A/Sharing
0x0000000032105000 	/System/Library/PrivateFrameworks/IconServices.framework/Versions/A/IconServices
0x0000000032105000 	/System/Library/PrivateFrameworks/ProtocolBuffer.framework/Versions/A/ProtocolBuffer
0x0000000032105000 	/System/Library/PrivateFrameworks/Apple80211.framework/Versions/A/Apple80211
0x0000000032105000 	/System/Library/Frameworks/CoreWLAN.framework/Versions/A/CoreWLAN
0x0000000032105000 	/System/Library/PrivateFrameworks/CoreUtils.framework/Versions/A/CoreUtils
0x0000000032105000 	/System/Library/Frameworks/IOBluetooth.framework/Versions/A/IOBluetooth
0x0000000032105000 	/System/Library/PrivateFrameworks/CoreWiFi.framework/Versions/A/CoreWiFi
0x0000000032105000 	/System/Library/Frameworks/CoreBluetooth.framework/Versions/A/CoreBluetooth
0x0000000032105000 	/System/Library/Frameworks/CoreDisplay.framework/Versions/A/CoreDisplay
0x0000000032105000 	/System/Library/PrivateFrameworks/IOPresentment.framework/Versions/A/IOPresentment
0x0000000032105000 	/System/Library/PrivateFrameworks/DSExternalDisplay.framework/Versions/A/DSExternalDisplay
0x0000000032105000 	/System/Library/PrivateFrameworks/DebugSymbols.framework/Versions/A/DebugSymbols
0x0000000032105000 	/System/Library/PrivateFrameworks/CoreSymbolication.framework/Versions/A/CoreSymbolication
0x0000000032105000 	/System/Library/PrivateFrameworks/Symbolication.framework/Versions/A/Symbolication
0x0000000032105000 	/System/Library/PrivateFrameworks/AppleFSCompression.framework/Versions/A/AppleFSCompression
0x0000000032105000 	/System/Library/PrivateFrameworks/SpeechRecognitionCore.framework/Versions/A/SpeechRecognitionCore
0x0000000032105000 	/System/Library/PrivateFrameworks/ChunkingLibrary.framework/Versions/A/ChunkingLibrary
0x0000000103200000 	/Library/Java/JavaVirtualMachines/jdk1.8.0_101.jdk/Contents/Home/jre/lib/server/libjvm.dylib
0x0000000032105000 	/usr/lib/libstdc++.6.dylib
0x00000001021e7000 	/Library/Java/JavaVirtualMachines/jdk1.8.0_101.jdk/Contents/Home/jre/lib/libverify.dylib
0x000000010419d000 	/Library/Java/JavaVirtualMachines/jdk1.8.0_101.jdk/Contents/Home/jre/lib/libjava.dylib
0x00000001041d2000 	/Library/Java/JavaVirtualMachines/jdk1.8.0_101.jdk/Contents/Home/jre/lib/libzip.dylib
0x000000010b796000 	/System/Library/Frameworks/JavaVM.framework/Frameworks/JavaRuntimeSupport.framework/JavaRuntimeSupport
0x000000010b7b0000 	/System/Library/Frameworks/JavaVM.framework/Versions/A/Frameworks/JavaNativeFoundation.framework/Versions/A/JavaNativeFoundation
0x000000010b7c5000 	/System/Library/Frameworks/JavaVM.framework/Versions/A/JavaVM
0x0000000032105000 	/System/Library/Frameworks/Carbon.framework/Versions/A/Carbon
0x000000010b7d2000 	/System/Library/PrivateFrameworks/JavaLaunching.framework/Versions/A/JavaLaunching
0x0000000032105000 	/System/Library/Frameworks/Carbon.framework/Versions/A/Frameworks/CommonPanels.framework/Versions/A/CommonPanels
0x0000000032105000 	/System/Library/Frameworks/Carbon.framework/Versions/A/Frameworks/Help.framework/Versions/A/Help
0x0000000032105000 	/System/Library/Frameworks/Carbon.framework/Versions/A/Frameworks/ImageCapture.framework/Versions/A/ImageCapture
0x0000000032105000 	/System/Library/Frameworks/Carbon.framework/Versions/A/Frameworks/OpenScripting.framework/Versions/A/OpenScripting
0x0000000032105000 	/System/Library/Frameworks/Carbon.framework/Versions/A/Frameworks/Print.framework/Versions/A/Print
0x0000000032105000 	/System/Library/Frameworks/Carbon.framework/Versions/A/Frameworks/SecurityHI.framework/Versions/A/SecurityHI
0x000000010d1bd000 	/Library/Java/JavaVirtualMachines/jdk1.8.0_101.jdk/Contents/Home/jre/lib/libprism_es2.dylib
0x000000010d223000 	/System/Library/Frameworks/OpenGL.framework/Resources/GLEngine.bundle/GLEngine
0x0000000032105000 	/System/Library/Frameworks/OpenGL.framework/Versions/A/Libraries/libGLProgrammability.dylib
0x000000010d408000 	/System/Library/Extensions/AppleIntelHD5000GraphicsGLDriver.bundle/Contents/MacOS/AppleIntelHD5000GraphicsGLDriver
0x0000000032105000 	/System/Library/PrivateFrameworks/GPUSupport.framework/Versions/A/Libraries/libGPUSupportMercury.dylib
0x000000010db7b000 	/System/Library/Frameworks/OpenGL.framework/Resources//GLRendererFloat.bundle/GLRendererFloat
0x0000000032105000 	/System/Library/Frameworks/OpenCL.framework/Versions/A/Libraries/libcldcpuengine.dylib
0x0000000032105000 	/usr/lib/libcrypto.0.9.8.dylib
0x0000000032105000 	/System/Library/PrivateFrameworks/TrustEvaluationAgent.framework/Versions/A/TrustEvaluationAgent
0x000000010dfde000 	/Library/Java/JavaVirtualMachines/jdk1.8.0_101.jdk/Contents/Home/jre/lib/libglass.dylib
0x0000000032105000 	/System/Library/PrivateFrameworks/CoreServicesInternal.framework/Versions/A/CoreServicesInternal
0x0000000032105000 	/System/Library/CoreServices/RawCamera.bundle/Contents/MacOS/RawCamera
0x0000000032105000 	/System/Library/Frameworks/Accelerate.framework/Versions/A/Frameworks/vImage.framework/Versions/A/Libraries/libCGInterfaces.dylib
0x0000000032105000 	/System/Library/PrivateFrameworks/FamilyControls.framework/Versions/A/FamilyControls
0x0000000032105000 	/System/Library/PrivateFrameworks/CommerceKit.framework/Versions/A/Frameworks/CommerceCore.framework/Versions/A/CommerceCore
0x0000000032105000 	/System/Library/PrivateFrameworks/SystemAdministration.framework/Versions/A/SystemAdministration
0x0000000032105000 	/System/Library/PrivateFrameworks/AppContainer.framework/Versions/A/AppContainer
0x0000000032105000 	/System/Library/PrivateFrameworks/SecCodeWrapper.framework/Versions/A/SecCodeWrapper
0x0000000032105000 	/System/Library/Frameworks/DirectoryService.framework/Versions/A/DirectoryService
0x0000000032105000 	/System/Library/PrivateFrameworks/DiskImages.framework/Versions/A/DiskImages
0x0000000032105000 	/System/Library/PrivateFrameworks/LoginUIKit.framework/Versions/A/Frameworks/LoginUICore.framework/Versions/A/LoginUICore
0x0000000032105000 	/usr/lib/libCoreStorage.dylib
0x0000000032105000 	/usr/lib/libcsfde.dylib
0x0000000032105000 	/usr/lib/libodfde.dylib
0x0000000032105000 	/System/Library/Frameworks/DiscRecording.framework/Versions/A/DiscRecording
0x0000000032105000 	/usr/lib/libcurl.4.dylib
0x0000000032105000 	/System/Library/PrivateFrameworks/MediaKit.framework/Versions/A/MediaKit
0x0000000032105000 	/System/Library/PrivateFrameworks/ProtectedCloudStorage.framework/Versions/A/ProtectedCloudStorage
0x0000000032105000 	/System/Library/PrivateFrameworks/EFILogin.framework/Versions/A/EFILogin
0x0000000032105000 	/usr/lib/libutil.dylib
0x0000000032105000 	/System/Library/Frameworks/LDAP.framework/Versions/A/LDAP
0x0000000032105000 	/usr/lib/libsasl2.2.dylib
0x0000000032105000 	/System/Library/PrivateFrameworks/CoreDaemon.framework/Versions/B/CoreDaemon
0x0000000032105000 	/System/Library/PrivateFrameworks/AppleSRP.framework/Versions/A/AppleSRP
0x0000000032105000 	/System/Library/PrivateFrameworks/APFS.framework/Versions/A/APFS
0x0000000120873000 	/Library/Java/JavaVirtualMachines/jdk1.8.0_101.jdk/Contents/Home/jre/lib/libjavafx_font.dylib
0x0000000032105000 	/System/Library/Frameworks/ApplicationServices.framework/Versions/A/Frameworks/ATS.framework/Versions/A/Resources/libTrueTypeScaler.dylib
0x00000001233e9000 	/System/Library/Extensions/AppleIntelHD5000GraphicsMTLDriver.bundle/Contents/MacOS/AppleIntelHD5000GraphicsMTLDriver
0x00000001235ba000 	/Library/Java/JavaVirtualMachines/jdk1.8.0_101.jdk/Contents/Home/jre/lib/libprism_common.dylib
0x0000000032105000 	/System/Library/PrivateFrameworks/ViewBridge.framework/Versions/A/ViewBridge
0x0000000032105000 	/System/Library/PrivateFrameworks/XPCService.framework/Versions/A/XPCService
0x0000000032105000 	/System/Library/PrivateFrameworks/AppSandbox.framework/Versions/A/AppSandbox
0x0000000032105000 	/usr/lib/libsandbox.1.dylib
0x0000000032105000 	/usr/lib/libMatch.1.dylib
0x0000000124ff0000 	/Library/Java/JavaVirtualMachines/jdk1.8.0_101.jdk/Contents/Home/jre/lib/libnet.dylib
0x000000012487d000 	/Library/Java/JavaVirtualMachines/jdk1.8.0_101.jdk/Contents/Home/jre/lib/libawt.dylib
0x000000012514f000 	/Library/Java/JavaVirtualMachines/jdk1.8.0_101.jdk/Contents/Home/jre/lib/./libmlib_image.dylib
0x000000012521b000 	/Library/Java/JavaVirtualMachines/jdk1.8.0_101.jdk/Contents/Home/jre/lib/libawt_lwawt.dylib
0x0000000121a52000 	/Library/Java/JavaVirtualMachines/jdk1.8.0_101.jdk/Contents/Home/jre/lib/./libosxapp.dylib
0x0000000032105000 	/System/Library/Frameworks/ExceptionHandling.framework/Versions/A/ExceptionHandling
0x0000000125401000 	/Library/Java/JavaVirtualMachines/jdk1.8.0_101.jdk/Contents/Home/jre/lib/libfontmanager.dylib
0x0000000121a91000 	/Library/Java/JavaVirtualMachines/jdk1.8.0_101.jdk/Contents/Home/jre/lib/libosxui.dylib
0x00000001208ad000 	/Library/Java/JavaVirtualMachines/jdk1.8.0_101.jdk/Contents/Home/jre/lib/libnio.dylib
0x000000012f45a000 	/Library/Java/JavaVirtualMachines/jdk1.8.0_101.jdk/Contents/Home/jre/lib/libdcpr.dylib
0x000000013330b000 	/Library/Java/JavaVirtualMachines/jdk1.8.0_101.jdk/Contents/Home/jre/lib/libjpeg.dylib
0x0000000032105000 	/System/Library/PrivateFrameworks/CloudDocs.framework/Versions/A/CloudDocs
0x0000000032105000 	/System/Library/Frameworks/CloudKit.framework/Versions/A/CloudKit
0x0000000032105000 	/System/Library/PrivateFrameworks/MMCS.framework/Versions/A/MMCS
0x0000000032105000 	/System/Library/Frameworks/CoreLocation.framework/Versions/A/CoreLocation
0x0000000032105000 	/System/Library/PrivateFrameworks/AssetCacheServices.framework/Versions/A/AssetCacheServices
0x0000000032105000 	/System/Library/PrivateFrameworks/GeoServices.framework/Versions/A/GeoServices

VM Arguments:
jvm_args: -Dfile.encoding=UTF-8 
java_command: /Users/Usuario/Desktop/Aldair/2016 2S/NetBeans/ProtectoBDII/dist/run1352358386/ProtectoBDII.jar
java_class_path (initial): /Users/Usuario/Desktop/Aldair/2016 2S/NetBeans/ProtectoBDII/dist/run1352358386/ProtectoBDII.jar
Launcher Type: SUN_STANDARD

Environment Variables:
PATH=/usr/bin:/bin:/usr/sbin:/sbin
LD_LIBRARY_PATH=/Library/Java/JavaVirtualMachines/jdk1.8.0_101.jdk/Contents/Home/jre/lib/amd64:/Library/Java/JavaVirtualMachines/jdk1.8.0_101.jdk/Contents/Home/jre/lib/i386:
SHELL=/bin/bash
DISPLAY=/private/tmp/com.apple.launchd.soVata9Sd5/org.macosforge.xquartz:0

Signal Handlers:
SIGSEGV: [libjvm.dylib+0x5af145], sa_mask[0]=11111111011111110111111111111111, sa_flags=SA_ONSTACK|SA_RESTART|SA_SIGINFO
SIGBUS: [libjvm.dylib+0x5af145], sa_mask[0]=11111111011111110111111111111111, sa_flags=SA_RESTART|SA_SIGINFO
SIGFPE: [libjvm.dylib+0x48694c], sa_mask[0]=11111111011111110111111111111111, sa_flags=SA_RESTART|SA_SIGINFO
SIGPIPE: [libjvm.dylib+0x48694c], sa_mask[0]=11111111011111110111111111111111, sa_flags=SA_RESTART|SA_SIGINFO
SIGXFSZ: [libjvm.dylib+0x48694c], sa_mask[0]=11111111011111110111111111111111, sa_flags=SA_RESTART|SA_SIGINFO
SIGILL: [libjvm.dylib+0x48694c], sa_mask[0]=11111111011111110111111111111111, sa_flags=SA_RESTART|SA_SIGINFO
SIGUSR1: SIG_DFL, sa_mask[0]=00000000000000000000000000000000, sa_flags=none
SIGUSR2: [libjvm.dylib+0x48646a], sa_mask[0]=00100000000000000000000000000000, sa_flags=SA_RESTART|SA_SIGINFO
SIGHUP: [libjvm.dylib+0x484a41], sa_mask[0]=11111111011111110111111111111111, sa_flags=SA_RESTART|SA_SIGINFO
SIGINT: SIG_IGN, sa_mask[0]=00000000000000000000000000000000, sa_flags=none
SIGTERM: [libjvm.dylib+0x484a41], sa_mask[0]=11111111011111110111111111111111, sa_flags=SA_RESTART|SA_SIGINFO
SIGQUIT: [libjvm.dylib+0x484a41], sa_mask[0]=11111111011111110111111111111111, sa_flags=SA_RESTART|SA_SIGINFO


---------------  S Y S T E M  ---------------

OS:Bsduname:Darwin 16.6.0 Darwin Kernel Version 16.6.0: Fri Apr 14 16:21:16 PDT 2017; root:xnu-3789.60.24~6/RELEASE_X86_64 x86_64
rlimit: STACK 8192k, CORE 0k, NPROC 709, NOFILE 10240, AS infinity
load average:2.74 2.17 1.71

CPU:total 8 (4 cores per cpu, 2 threads per core) family 6 model 70 stepping 1, cmov, cx8, fxsr, mmx, sse, sse2, sse3, ssse3, sse4.1, sse4.2, popcnt, avx, avx2, aes, clmul, erms, lzcnt, ht, tsc, tscinvbit, bmi1, bmi2

Memory: 4k page, physical 8388608k(24308k free)

/proc/meminfo:


vm_info: Java HotSpot(TM) 64-Bit Server VM (25.101-b13) for bsd-amd64 JRE (1.8.0_101-b13), built on Jun 22 2016 02:42:15 by "java_re" with gcc 4.2.1 (Based on Apple Inc. build 5658) (LLVM build 2336.11.00)

time: Sat Aug 26 13:21:04 2017
elapsed time: 74595 seconds (0d 20h 43m 15s)

